<?xml version="1.0" encoding="UTF-8"?>
<!-- Generated by org.testng.reporters.JUnitXMLReporter -->
<testsuite hostname="DESKTOP-75016JH" name="Test" tests="2" failures="1" timestamp="17 Feb 2022 08:24:37 GMT" time="13.175" errors="0">
  <testcase name="verifyLogo" time="0.07" classname="com.myProject.testcases.TC_DemoLoginTest"/>
  <testcase name="verifyTitle" time="0.008" classname="com.myProject.testcases.TC_DemoLoginTest">
    <failure type="java.lang.AssertionError" message="expected [My Store1] but found [My Store]">
      <![CDATA[java.lang.AssertionError: expected [My Store1] but found [My Store]
	at com.myProject.testcases.TC_DemoLoginTest.verifyTitle(TC_DemoLoginTest.java:41)
... Removed 31 stack frames]]>
    </failure>
  </testcase> <!-- verifyTitle -->
</testsuite> <!-- Test -->
